<?xml version="1.0" encoding="UTF-8"?>
<!-- Generated by org.testng.reporters.JUnitXMLReporter -->
<testsuite ignored="0" hostname="DESKTOP-DUERR93" failures="0" tests="5" name="Test" time="39.307" errors="0" timestamp="2024-06-09T20:49:34 IST">
  <testcase classname="TestPack.LoginFunctionality" name="LoginTest" time="0.337"/>
  <testcase classname="TestPack.LogoutFunctionality" name="LogoutTest" time="0.574"/>
  <testcase classname="TestPack.InvalidLoginTest" name="testInvalidLogin" time="0.311"/>
  <testcase classname="TestPack.addProductToCartValidation" name="verifyProductAdditionToCart" time="0.806"/>
  <testcase classname="TestPack.OrderCreationTest" name="createOrder" time="1.478"/>
</testsuite> <!-- Test -->
