<?xml version="1.0" encoding="UTF-8"?>
<testng-results ignored="0" total="5" passed="5" failed="0" skipped="0">
  <reporter-output>
  </reporter-output>
  <suite started-at="2024-06-09T20:48:54 IST" name="Suite" finished-at="2024-06-09T20:49:34 IST" duration-ms="39307">
    <groups>
    </groups>
    <test started-at="2024-06-09T20:48:54 IST" name="Test" finished-at="2024-06-09T20:49:34 IST" duration-ms="39307">
      <class name="TestPack.LoginFunctionality">
        <test-method is-config="true" signature="OpenApplication()[pri:0, instance:TestPack.LoginFunctionality@2584b82d]" started-at="2024-06-09T20:48:54 IST" name="OpenApplication" finished-at="2024-06-09T20:48:57 IST" duration-ms="2499" status="PASS">
          <reporter-output>
          </reporter-output>
        </test-method> <!-- OpenApplication -->
        <test-method signature="LoginTest()[pri:0, instance:TestPack.LoginFunctionality@2584b82d]" started-at="2024-06-09T20:48:57 IST" name="LoginTest" finished-at="2024-06-09T20:48:57 IST" duration-ms="337" status="PASS">
          <reporter-output>
          </reporter-output>
        </test-method> <!-- LoginTest -->
        <test-method is-config="true" signature="tearDown()[pri:0, instance:TestPack.LoginFunctionality@2584b82d]" started-at="2024-06-09T20:48:57 IST" name="tearDown" finished-at="2024-06-09T20:49:02 IST" duration-ms="5172" status="PASS">
          <reporter-output>
          </reporter-output>
        </test-method> <!-- tearDown -->
      </class> <!-- TestPack.LoginFunctionality -->
      <class name="TestPack.LogoutFunctionality">
        <test-method is-config="true" signature="OpenApplication()[pri:0, instance:TestPack.LogoutFunctionality@2f67a4d3]" started-at="2024-06-09T20:49:02 IST" name="OpenApplication" finished-at="2024-06-09T20:49:05 IST" duration-ms="2139" status="PASS">
          <reporter-output>
          </reporter-output>
        </test-method> <!-- OpenApplication -->
        <test-method signature="LogoutTest()[pri:0, instance:TestPack.LogoutFunctionality@2f67a4d3]" started-at="2024-06-09T20:49:05 IST" name="LogoutTest" finished-at="2024-06-09T20:49:05 IST" duration-ms="574" status="PASS">
          <reporter-output>
          </reporter-output>
        </test-method> <!-- LogoutTest -->
        <test-method is-config="true" signature="tearDown()[pri:0, instance:TestPack.LogoutFunctionality@2f67a4d3]" started-at="2024-06-09T20:49:05 IST" name="tearDown" finished-at="2024-06-09T20:49:11 IST" duration-ms="5140" status="PASS">
          <reporter-output>
          </reporter-output>
        </test-method> <!-- tearDown -->
      </class> <!-- TestPack.LogoutFunctionality -->
      <class name="TestPack.InvalidLoginTest">
        <test-method is-config="true" signature="OpenApplication()[pri:0, instance:TestPack.InvalidLoginTest@5e3f861]" started-at="2024-06-09T20:49:11 IST" name="OpenApplication" finished-at="2024-06-09T20:49:12 IST" duration-ms="1953" status="PASS">
          <reporter-output>
          </reporter-output>
        </test-method> <!-- OpenApplication -->
        <test-method signature="testInvalidLogin()[pri:0, instance:TestPack.InvalidLoginTest@5e3f861]" started-at="2024-06-09T20:49:12 IST" name="testInvalidLogin" finished-at="2024-06-09T20:49:13 IST" duration-ms="311" status="PASS">
          <reporter-output>
          </reporter-output>
        </test-method> <!-- testInvalidLogin -->
        <test-method is-config="true" signature="tearDown()[pri:0, instance:TestPack.InvalidLoginTest@5e3f861]" started-at="2024-06-09T20:49:13 IST" name="tearDown" finished-at="2024-06-09T20:49:18 IST" duration-ms="5133" status="PASS">
          <reporter-output>
          </reporter-output>
        </test-method> <!-- tearDown -->
      </class> <!-- TestPack.InvalidLoginTest -->
      <class name="TestPack.addProductToCartValidation">
        <test-method is-config="true" signature="OpenApplication()[pri:0, instance:TestPack.addProductToCartValidation@2fb0623e]" started-at="2024-06-09T20:49:18 IST" name="OpenApplication" finished-at="2024-06-09T20:49:19 IST" duration-ms="1360" status="PASS">
          <reporter-output>
          </reporter-output>
        </test-method> <!-- OpenApplication -->
        <test-method signature="verifyProductAdditionToCart()[pri:0, instance:TestPack.addProductToCartValidation@2fb0623e]" started-at="2024-06-09T20:49:19 IST" name="verifyProductAdditionToCart" finished-at="2024-06-09T20:49:20 IST" duration-ms="806" status="PASS">
          <reporter-output>
          </reporter-output>
        </test-method> <!-- verifyProductAdditionToCart -->
        <test-method is-config="true" signature="tearDown()[pri:0, instance:TestPack.addProductToCartValidation@2fb0623e]" started-at="2024-06-09T20:49:20 IST" name="tearDown" finished-at="2024-06-09T20:49:25 IST" duration-ms="5135" status="PASS">
          <reporter-output>
          </reporter-output>
        </test-method> <!-- tearDown -->
      </class> <!-- TestPack.addProductToCartValidation -->
      <class name="TestPack.OrderCreationTest">
        <test-method is-config="true" signature="OpenApplication()[pri:0, instance:TestPack.OrderCreationTest@49b2a47d]" started-at="2024-06-09T20:49:25 IST" name="OpenApplication" finished-at="2024-06-09T20:49:27 IST" duration-ms="1283" status="PASS">
          <reporter-output>
          </reporter-output>
        </test-method> <!-- OpenApplication -->
        <test-method signature="createOrder()[pri:0, instance:TestPack.OrderCreationTest@49b2a47d]" started-at="2024-06-09T20:49:27 IST" name="createOrder" finished-at="2024-06-09T20:49:28 IST" duration-ms="1478" status="PASS">
          <reporter-output>
          </reporter-output>
        </test-method> <!-- createOrder -->
        <test-method is-config="true" signature="tearDown()[pri:0, instance:TestPack.OrderCreationTest@49b2a47d]" started-at="2024-06-09T20:49:28 IST" name="tearDown" finished-at="2024-06-09T20:49:34 IST" duration-ms="5155" status="PASS">
          <reporter-output>
          </reporter-output>
        </test-method> <!-- tearDown -->
      </class> <!-- TestPack.OrderCreationTest -->
    </test> <!-- Test -->
  </suite> <!-- Suite -->
</testng-results>
